
12월 13, 2021 08:02:38.718 NEW SESSION
12월 13, 2021 08:02:38.718 [10824:16060:1213/080238.705:ERROR:chrome_browser_main_extra_parts_metrics.cc(226)] crbug.com/1216328: Checking Bluetooth availability started. Please report if there is no report that this ends.
12월 13, 2021 08:02:38.718 [10824:16060:1213/080238.705:ERROR:chrome_browser_main_extra_parts_metrics.cc(229)] crbug.com/1216328: Checking Bluetooth availability ended.
12월 13, 2021 08:02:38.719 [10824:16060:1213/080238.705:ERROR:chrome_browser_main_extra_parts_metrics.cc(232)] crbug.com/1216328: Checking default browser status started. Please report if there is no report that this ends.
12월 13, 2021 08:02:38.719 [10824:16060:1213/080238.708:ERROR:chrome_browser_main_extra_parts_metrics.cc(236)] crbug.com/1216328: Checking default browser status ended.
12월 13, 2021 08:02:38.784 [10824:8748:1213/080238.784:ERROR:device_event_log_impl.cc(214)] [08:02:38.784] USB: usb_device_handle_win.cc:1048 Failed to read descriptor from node connection: 시스템에 부착된 장치가 작동하지 않습니다. (0x1F)
12월 13, 2021 08:02:38.813 [10824:8748:1213/080238.812:ERROR:device_event_log_impl.cc(214)] [08:02:38.812] Bluetooth: bluetooth_adapter_winrt.cc:1075 Getting Default Adapter failed.
12월 13, 2021 08:03:28.939 [14772:19188:1213/080328.939:ERROR:chrome_browser_main_extra_parts_metrics.cc(226)] crbug.com/1216328: Checking Bluetooth availability started. Please report if there is no report that this ends.
12월 13, 2021 08:03:28.940 [14772:19188:1213/080328.939:ERROR:chrome_browser_main_extra_parts_metrics.cc(229)] crbug.com/1216328: Checking Bluetooth availability ended.
12월 13, 2021 08:03:28.940 [14772:19188:1213/080328.939:ERROR:chrome_browser_main_extra_parts_metrics.cc(232)] crbug.com/1216328: Checking default browser status started. Please report if there is no report that this ends.
12월 13, 2021 08:03:28.942 [14772:19188:1213/080328.941:ERROR:chrome_browser_main_extra_parts_metrics.cc(236)] crbug.com/1216328: Checking default browser status ended.
12월 13, 2021 08:03:29.06 [14772:20288:1213/080329.006:ERROR:device_event_log_impl.cc(214)] [08:03:29.005] USB: usb_device_handle_win.cc:1048 Failed to read descriptor from node connection: 시스템에 부착된 장치가 작동하지 않습니다. (0x1F)
12월 13, 2021 08:03:29.30 [14772:20288:1213/080329.029:ERROR:device_event_log_impl.cc(214)] [08:03:29.028] Bluetooth: bluetooth_adapter_winrt.cc:1075 Getting Default Adapter failed.
12월 13, 2021 08:03:55.536 [16004:10520:1213/080355.535:ERROR:chrome_browser_main_extra_parts_metrics.cc(226)] crbug.com/1216328: Checking Bluetooth availability started. Please report if there is no report that this ends.
12월 13, 2021 08:03:55.537 [16004:10520:1213/080355.535:ERROR:chrome_browser_main_extra_parts_metrics.cc(229)] crbug.com/1216328: Checking Bluetooth availability ended.
12월 13, 2021 08:03:55.537 [16004:10520:1213/080355.535:ERROR:chrome_browser_main_extra_parts_metrics.cc(232)] crbug.com/1216328: Checking default browser status started. Please report if there is no report that this ends.
12월 13, 2021 08:03:55.539 [16004:10520:1213/080355.539:ERROR:chrome_browser_main_extra_parts_metrics.cc(236)] crbug.com/1216328: Checking default browser status ended.
12월 13, 2021 08:03:55.598 [16004:4348:1213/080355.597:ERROR:device_event_log_impl.cc(214)] [08:03:55.597] USB: usb_device_handle_win.cc:1048 Failed to read descriptor from node connection: 시스템에 부착된 장치가 작동하지 않습니다. (0x1F)
12월 13, 2021 08:03:55.620 [16004:4348:1213/080355.620:ERROR:device_event_log_impl.cc(214)] [08:03:55.620] Bluetooth: bluetooth_adapter_winrt.cc:1075 Getting Default Adapter failed.
12월 13, 2021 08:09:14.708 [16004:17452:1213/080914.707:ERROR:database.cc(1773)] Passwords SQLite error: code 2067 errno 0: UNIQUE constraint failed: logins.origin_url, logins.username_element, logins.username_value, logins.password_element, logins.signon_realm sql: INSERT INTO logins (origin_url, action_url, username_element, username_value, password_element, password_value, submit_element, signon_realm, date_created, blacklisted_by_user, scheme, password_type, times_used, form_data, display_name, icon_url, federation_url, skip_zero_click, generation_upload_status, possible_username_pairs, id, date_last_used, moving_blocked_for, date_password_modified) VALUES (?,?,?,?,?,?,?,?,?,?,?,?,?,?,?,?,?,?,?,?,?,?,?,?)
